[01Dec2024 00:14:31.029] [Server thread/INFO] [net.minecraft.server.MinecraftServer/]: Unknown or incomplete command, see below for error
[01Dec2024 00:14:31.036] [Server thread/INFO] [net.minecraft.server.MinecraftServer/]: EXIT<--[HERE]
[01Dec2024 00:14:33.828] [Server thread/INFO] [net.minecraft.server.MinecraftServer/]: Unknown or incomplete command, see below for error
[01Dec2024 00:14:33.829] [Server thread/INFO] [net.minecraft.server.MinecraftServer/]: exit<--[HERE]
[01Dec2024 00:14:37.830] [Server thread/INFO] [net.minecraft.server.MinecraftServer/]: Stopping the server
[01Dec2024 00:14:37.879] [Server thread/INFO] [net.minecraft.server.MinecraftServer/]: Stopping server
[01Dec2024 00:14:37.880] [Server thread/INFO] [net.minecraft.server.MinecraftServer/]: Saving players
[01Dec2024 00:14:37.881] [Server thread/INFO] [net.minecraft.server.MinecraftServer/]: Saving worlds
[01Dec2024 00:14:37.980] [Server thread/INFO] [net.minecraft.server.MinecraftServer/]: Saving chunks for level 'ServerLevel[world]'/minecraft:overworld
[01Dec2024 00:14:38.004] [Server thread/INFO] [net.minecraft.server.MinecraftServer/]: Saving chunks for level 'ServerLevel[world]'/divinerpg:skythern
[01Dec2024 00:14:38.005] [Server thread/INFO] [net.minecraft.server.MinecraftServer/]: Saving chunks for level 'ServerLevel[world]'/divinerpg:iceika
[01Dec2024 00:14:38.009] [Server thread/INFO] [net.minecraft.server.MinecraftServer/]: Saving chunks for level 'ServerLevel[world]'/divinerpg:vethea
[01Dec2024 00:14:38.010] [Server thread/INFO] [net.minecraft.server.MinecraftServer/]: Saving chunks for level 'ServerLevel[world]'/minecraft:the_nether
[01Dec2024 00:14:38.010] [Server thread/INFO] [net.minecraft.server.MinecraftServer/]: Saving chunks for level 'ServerLevel[world]'/divinerpg:arcana
[01Dec2024 00:14:38.011] [Server thread/INFO] [net.minecraft.server.MinecraftServer/]: Saving chunks for level 'ServerLevel[world]'/divinerpg:mortum
[01Dec2024 00:14:38.012] [Server thread/INFO] [net.minecraft.server.MinecraftServer/]: Saving chunks for level 'ServerLevel[world]'/divinerpg:eden
[01Dec2024 00:14:38.013] [Server thread/INFO] [net.minecraft.server.MinecraftServer/]: Saving chunks for level 'ServerLevel[world]'/divinerpg:wildwood
[01Dec2024 00:14:38.013] [Server thread/INFO] [net.minecraft.server.MinecraftServer/]: Saving chunks for level 'ServerLevel[world]'/minecraft:the_end
[01Dec2024 00:14:38.014] [Server thread/INFO] [net.minecraft.server.MinecraftServer/]: Saving chunks for level 'ServerLevel[world]'/divinerpg:apalachia
[01Dec2024 00:14:38.031] [Server thread/INFO] [net.minecraft.server.MinecraftServer/]: ThreadedAnvilChunkStorage (world): All chunks are saved
[01Dec2024 00:14:38.032] [Server thread/INFO] [net.minecraft.server.MinecraftServer/]: ThreadedAnvilChunkStorage (skythern): All chunks are saved
[01Dec2024 00:14:38.032] [Server thread/INFO] [net.minecraft.server.MinecraftServer/]: ThreadedAnvilChunkStorage (iceika): All chunks are saved
[01Dec2024 00:14:38.032] [Server thread/INFO] [net.minecraft.server.MinecraftServer/]: ThreadedAnvilChunkStorage (vethea): All chunks are saved
[01Dec2024 00:14:38.032] [Server thread/INFO] [net.minecraft.server.MinecraftServer/]: ThreadedAnvilChunkStorage (DIM-1): All chunks are saved
[01Dec2024 00:14:38.032] [Server thread/INFO] [net.minecraft.server.MinecraftServer/]: ThreadedAnvilChunkStorage (arcana): All chunks are saved
[01Dec2024 00:14:38.032] [Server thread/INFO] [net.minecraft.server.MinecraftServer/]: ThreadedAnvilChunkStorage (mortum): All chunks are saved
[01Dec2024 00:14:38.032] [Server thread/INFO] [net.minecraft.server.MinecraftServer/]: ThreadedAnvilChunkStorage (eden): All chunks are saved
[01Dec2024 00:14:38.033] [Server thread/INFO] [net.minecraft.server.MinecraftServer/]: ThreadedAnvilChunkStorage (wildwood): All chunks are saved
[01Dec2024 00:14:38.033] [Server thread/INFO] [net.minecraft.server.MinecraftServer/]: ThreadedAnvilChunkStorage (DIM1): All chunks are saved
[01Dec2024 00:14:38.033] [Server thread/INFO] [net.minecraft.server.MinecraftServer/]: ThreadedAnvilChunkStorage (apalachia): All chunks are saved
[01Dec2024 00:14:38.033] [Server thread/INFO] [net.minecraft.server.MinecraftServer/]: ThreadedAnvilChunkStorage: All dimensions are saved
